Using pre-set license
Built from '2021.2/staging' branch; Version is '2021.2.1f1 (c20c6d589440) revision 12717165'; Using compiler version '192829333'; Build Type 'Release'
OS: 'Windows 10 Pro; OS build 18362.719; Version 1903; 64bit' Language: 'en' Physical Memory: 32446 MB
BatchMode: 1, IsHumanControllingUs: 0, StartBugReporterOnCrash: 0, Is64bit: 1, IsPro: 0

COMMAND LINE ARGUMENTS:
C:\Program Files\Unity\Hub\Editor\2021.2.1f1\Editor\Unity.exe
-adb2
-batchMode
-noUpm
-name
AssetImportWorker0
-projectPath
E:/GitHub/HDRP-Custom-Passes
-logFile
Logs/AssetImportWorker0.log
-srvPort
53954
Successfully changed project path to: E:/GitHub/HDRP-Custom-Passes
E:/GitHub/HDRP-Custom-Passes
[UnityMemory] Configuration Parameters - Can be set up in boot.config
    "memorysetup-bucket-allocator-granularity=16"
    "memorysetup-bucket-allocator-bucket-count=8"
    "memorysetup-bucket-allocator-block-size=33554432"
    "memorysetup-bucket-allocator-block-count=8"
    "memorysetup-main-allocator-block-size=16777216"
    "memorysetup-thread-allocator-block-size=16777216"
    "memorysetup-gfx-main-allocator-block-size=16777216"
    "memorysetup-gfx-thread-allocator-block-size=16777216"
    "memorysetup-cache-allocator-block-size=4194304"
    "memorysetup-typetree-allocator-block-size=2097152"
    "memorysetup-profiler-bucket-allocator-granularity=16"
    "memorysetup-profiler-bucket-allocator-bucket-count=8"
    "memorysetup-profiler-bucket-allocator-block-size=33554432"
    "memorysetup-profiler-bucket-allocator-block-count=8"
    "memorysetup-profiler-allocator-block-size=16777216"
    "memorysetup-profiler-editor-allocator-block-size=1048576"
    "memorysetup-temp-allocator-size-main=16777216"
    "memorysetup-job-temp-allocator-block-size=2097152"
    "memorysetup-job-temp-allocator-block-size-background=1048576"
    "memorysetup-job-temp-allocator-reduction-small-platforms=262144"
    "memorysetup-temp-allocator-size-background-worker=32768"
    "memorysetup-temp-allocator-size-job-worker=262144"
    "memorysetup-temp-allocator-size-preload-manager=33554432"
    "memorysetup-temp-allocator-size-nav-mesh-worker=65536"
    "memorysetup-temp-allocator-size-audio-worker=65536"
    "memorysetup-temp-allocator-size-cloud-worker=32768"
    "memorysetup-temp-allocator-size-gi-baking-worker=262144"
    "memorysetup-temp-allocator-size-gfx=262144"
Refreshing native plugins compatible for Editor in 128.64 ms, found 3 plugins.
Preloading 0 native plugins for Editor in 0.00 ms.
Initialize engine version: 2021.2.1f1 (c20c6d589440)
[Subsystems] Discovering subsystems at path C:/Program Files/Unity/Hub/Editor/2021.2.1f1/Editor/Data/Resources/UnitySubsystems
[Subsystems] Discovering subsystems at path E:/GitHub/HDRP-Custom-Passes/Assets
GfxDevice: creating device client; threaded=0; jobified=0
Direct3D:
    Version:  Direct3D 11.0 [level 11.1]
    Renderer: NVIDIA GeForce RTX 2080 Ti (ID=0x1e07)
    Vendor:   NVIDIA
    VRAM:     11048 MB
    Driver:   27.21.14.5671
Initialize mono
Mono path[0] = 'C:/Program Files/Unity/Hub/Editor/2021.2.1f1/Editor/Data/Managed'
Mono path[1] = 'C:/Program Files/Unity/Hub/Editor/2021.2.1f1/Editor/Data/MonoBleedingEdge/lib/mono/unityjit-win32'
Mono config path = 'C:/Program Files/Unity/Hub/Editor/2021.2.1f1/Editor/Data/MonoBleedingEdge/etc'
Using monoOptions --debugger-agent=transport=dt_socket,embedding=1,server=y,suspend=n,address=127.0.0.1:56956
Begin MonoManager ReloadAssembly
Registering precompiled unity dll's ...
Register platform support module: C:/Program Files/Unity/Hub/Editor/2021.2.1f1/Editor/Data/PlaybackEngines/WindowsStandaloneSupport/UnityEditor.WindowsStandalone.Extensions.dll
Registered in 0.006099 seconds.
Native extension for WindowsStandalone target not found
Refreshing native plugins compatible for Editor in 108.47 ms, found 3 plugins.
Preloading 0 native plugins for Editor in 0.00 ms.
Mono: successfully reloaded assembly
- Completed reload, in  0.983 seconds
Domain Reload Profiling:
	ReloadAssembly (983ms)
		BeginReloadAssembly (88ms)
			ExecutionOrderSort (0ms)
			DisableScriptedObjects (0ms)
			BackupInstance (0ms)
			ReleaseScriptingObjects (0ms)
			CreateAndSetChildDomain (1ms)
		EndReloadAssembly (571ms)
			LoadAssemblies (84ms)
			RebuildTransferFunctionScriptingTraits (0ms)
			SetupTypeCache (136ms)
			ReleaseScriptCaches (0ms)
			RebuildScriptCaches (29ms)
			SetupLoadedEditorAssemblies (345ms)
				LogAssemblyErrors (0ms)
				InitializePlatformSupportModulesInManaged (8ms)
				SetLoadedEditorAssemblies (0ms)
				RefreshPlugins (109ms)
				BeforeProcessingInitializeOnLoad (1ms)
				ProcessInitializeOnLoadAttributes (175ms)
				ProcessInitializeOnLoadMethodAttributes (51ms)
				AfterProcessingInitializeOnLoad (0ms)
				EditorAssembliesLoaded (0ms)
			ExecutionOrderSort2 (0ms)
			AwakeInstancesAfterBackupRestoration (0ms)
Platform modules already initialized, skipping
Registering precompiled user dll's ...
Registered in 0.004602 seconds.
Begin MonoManager ReloadAssembly
Native extension for WindowsStandalone target not found
Refreshing native plugins compatible for Editor in 113.93 ms, found 3 plugins.
Preloading 0 native plugins for Editor in 0.00 ms.
CreateSerializedAsset is not supported while importing out-of-process
UnityEngine.StackTraceUtility:ExtractStackTrace ()
UnityEngine.Rendering.HighDefinition.HDRenderPipelineGlobalSettings:Create (string,UnityEngine.Rendering.HighDefinition.HDRenderPipelineGlobalSettings) (at Library/PackageCache/com.unity.render-pipelines.high-definition@12.1.0/Runtime/RenderPipeline/HDRenderPipelineGlobalSettings.cs:141)
UnityEngine.Rendering.HighDefinition.HDRenderPipelineGlobalSettings:MigrateFromHDRPAsset (UnityEngine.Rendering.HighDefinition.HDRenderPipelineAsset) (at Library/PackageCache/com.unity.render-pipelines.high-definition@12.1.0/Runtime/RenderPipeline/HDRenderPipelineGlobalSettings.Migration.cs:72)
UnityEngine.Rendering.HighDefinition.HDRenderPipelineAsset/<>c:<.cctor>b__98_15 (UnityEngine.Rendering.HighDefinition.HDRenderPipelineAsset) (at Library/PackageCache/com.unity.render-pipelines.high-definition@12.1.0/Runtime/RenderPipeline/HDRenderPipelineAsset.Migration.cs:175)
UnityEngine.Rendering.HighDefinition.MigrationStep`2<UnityEngine.Rendering.HighDefinition.HDRenderPipelineAsset/Version, UnityEngine.Rendering.HighDefinition.HDRenderPipelineAsset>:Migrate (UnityEngine.Rendering.HighDefinition.HDRenderPipelineAsset) (at Library/PackageCache/com.unity.render-pipelines.high-definition@12.1.0/Runtime/Core/Migration/MigrationStep.cs:52)
UnityEngine.Rendering.HighDefinition.MigrationDescription`2<UnityEngine.Rendering.HighDefinition.HDRenderPipelineAsset/Version, UnityEngine.Rendering.HighDefinition.HDRenderPipelineAsset>:Migrate (UnityEngine.Rendering.HighDefinition.HDRenderPipelineAsset) (at Library/PackageCache/com.unity.render-pipelines.high-definition@12.1.0/Runtime/Core/Migration/MigrationDescription.cs:111)
UnityEngine.Rendering.HighDefinition.HDRenderPipelineAsset:Migrate () (at Library/PackageCache/com.unity.render-pipelines.high-definition@12.1.0/Runtime/RenderPipeline/HDRenderPipelineAsset.Migration.cs:344)
UnityEngine.Rendering.HighDefinition.HDRenderPipelineAsset:OnEnable () (at Library/PackageCache/com.unity.render-pipelines.high-definition@12.1.0/Runtime/RenderPipeline/HDRenderPipelineAsset.Migration.cs:350)
UnityEngine.Rendering.GraphicsSettings:get_currentRenderPipeline ()
UnityEditor.CustomEditorAttributes:FindCustomEditorTypeByType (System.Type,bool)
UnityEditor.ProBuilder.EditorUtility:SetGizmoIconEnabled (System.Type,bool) (at Library/PackageCache/com.unity.probuilder@5.0.3/Editor/EditorCore/EditorUtility.cs:573)
UnityEditor.ProBuilder.HierarchyListener:.cctor () (at Library/PackageCache/com.unity.probuilder@5.0.3/Editor/EditorCore/HierarchyListener.cs:21)
System.Runtime.CompilerServices.RuntimeHelpers:RunClassConstructor (System.RuntimeTypeHandle)
UnityEditor.EditorAssemblies:ProcessInitializeOnLoadAttributes (System.Type[])

[Library/PackageCache/com.unity.probuilder@5.0.3/Editor/EditorCore/EditorUtility.cs line 573]

UnityException: Creating asset at path Assets/HDRPDefaultResources/HDRenderPipelineGlobalSettings 1.asset failed.
  at (wrapper managed-to-native) UnityEditor.AssetDatabase.CreateAsset(UnityEngine.Object,string)
  at UnityEngine.Rendering.HighDefinition.HDRenderPipelineGlobalSettings.Create (System.String path, UnityEngine.Rendering.HighDefinition.HDRenderPipelineGlobalSettings dataSource) [0x00022] in E:\GitHub\HDRP-Custom-Passes\Library\PackageCache\com.unity.render-pipelines.high-definition@12.1.0\Runtime\RenderPipeline\HDRenderPipelineGlobalSettings.cs:141 
  at UnityEngine.Rendering.HighDefinition.HDRenderPipelineGlobalSettings.MigrateFromHDRPAsset (UnityEngine.Rendering.HighDefinition.HDRenderPipelineAsset oldAsset) [0x0003f] in E:\GitHub\HDRP-Custom-Passes\Library\PackageCache\com.unity.render-pipelines.high-definition@12.1.0\Runtime\RenderPipeline\HDRenderPipelineGlobalSettings.Migration.cs:72 
  at UnityEngine.Rendering.HighDefinition.HDRenderPipelineAsset+<>c.<.cctor>b__98_15 (UnityEngine.Rendering.HighDefinition.HDRenderPipelineAsset data) [0x0000d] in E:\GitHub\HDRP-Custom-Passes\Library\PackageCache\com.unity.render-pipelines.high-definition@12.1.0\Runtime\RenderPipeline\HDRenderPipelineAsset.Migration.cs:175 
  at UnityEngine.Rendering.HighDefinition.MigrationStep`2[TVersion,TTarget].Migrate (TTarget target) [0x00028] in E:\GitHub\HDRP-Custom-Passes\Library\PackageCache\com.unity.render-pipelines.high-definition@12.1.0\Runtime\Core\Migration\MigrationStep.cs:52 
  at UnityEngine.Rendering.HighDefinition.MigrationDescription`2[TVersion,TTarget].Migrate (TTarget target) [0x0005c] in E:\GitHub\HDRP-Custom-Passes\Library\PackageCache\com.unity.render-pipelines.high-definition@12.1.0\Runtime\Core\Migration\MigrationDescription.cs:111 
  at UnityEngine.Rendering.HighDefinition.HDRenderPipelineAsset.Migrate () [0x00000] in E:\GitHub\HDRP-Custom-Passes\Library\PackageCache\com.unity.render-pipelines.high-definition@12.1.0\Runtime\RenderPipeline\HDRenderPipelineAsset.Migration.cs:344 
  at UnityEngine.Rendering.HighDefinition.HDRenderPipelineAsset.OnEnable () [0x00000] in E:\GitHub\HDRP-Custom-Passes\Library\PackageCache\com.unity.render-pipelines.high-definition@12.1.0\Runtime\RenderPipeline\HDRenderPipelineAsset.Migration.cs:350 
UnityEngine.Rendering.GraphicsSettings:get_INTERNAL_currentRenderPipeline()
UnityEngine.Rendering.GraphicsSettings:get_currentRenderPipeline()
UnityEditor.CustomEditorAttributes:FindCustomEditorTypeByType(Type, Boolean)
UnityEditor.AnnotationUtility:GetAnnotations()
UnityEditor.ProBuilder.EditorUtility:SetGizmoIconEnabled(Type, Boolean) (at Library\PackageCache\com.unity.probuilder@5.0.3\Editor\EditorCore\EditorUtility.cs:573)
UnityEditor.ProBuilder.HierarchyListener:.cctor() (at Library\PackageCache\com.unity.probuilder@5.0.3\Editor\EditorCore\HierarchyListener.cs:21)
System.Runtime.CompilerServices.RuntimeHelpers:RunClassConstructor(IntPtr)
System.Runtime.CompilerServices.RuntimeHelpers:RunClassConstructor(RuntimeTypeHandle)
UnityEditor.EditorAssemblies:ProcessInitializeOnLoadAttributes(Type[])

Package Manager log level set to [2]
Mono: successfully reloaded assembly
- Completed reload, in  2.241 seconds
Domain Reload Profiling:
	ReloadAssembly (2242ms)
		BeginReloadAssembly (206ms)
			ExecutionOrderSort (0ms)
			DisableScriptedObjects (7ms)
			BackupInstance (0ms)
			ReleaseScriptingObjects (0ms)
			CreateAndSetChildDomain (25ms)
		EndReloadAssembly (1921ms)
			LoadAssemblies (92ms)
			RebuildTransferFunctionScriptingTraits (0ms)
			SetupTypeCache (322ms)
			ReleaseScriptCaches (1ms)
			RebuildScriptCaches (93ms)
			SetupLoadedEditorAssemblies (1274ms)
				LogAssemblyErrors (0ms)
				InitializePlatformSupportModulesInManaged (12ms)
				SetLoadedEditorAssemblies (0ms)
				RefreshPlugins (114ms)
				BeforeProcessingInitializeOnLoad (123ms)
				ProcessInitializeOnLoadAttributes (986ms)
				ProcessInitializeOnLoadMethodAttributes (31ms)
				AfterProcessingInitializeOnLoad (8ms)
				EditorAssembliesLoaded (0ms)
			ExecutionOrderSort2 (0ms)
			AwakeInstancesAfterBackupRestoration (8ms)
Platform modules already initialized, skipping
========================================================================
Worker process is ready to serve import requests
Launched and connected shader compiler UnityShaderCompiler.exe after 0.05 seconds
Refreshing native plugins compatible for Editor in 2.10 ms, found 3 plugins.
Preloading 0 native plugins for Editor in 0.00 ms.
Unloading 4940 Unused Serialized files (Serialized files now loaded: 0)
Unloading 156 unused Assets / (3.8 MB). Loaded Objects now: 5384.
Memory consumption went from 270.8 MB to 267.0 MB.
Total: 7.550700 ms (FindLiveObjects: 0.638900 ms CreateObjectMapping: 0.719200 ms MarkObjects: 5.012500 ms  DeleteObjects: 1.177700 ms)

AssetImportParameters requested are different than current active one (requested -> active):
  custom:video-decoder-ogg-theora: a1e56fd34408186e4bbccfd4996cb3dc -> 
  custom:container-muxer-webm: aa71ff27fc2769a1b78a27578f13a17b -> 
  custom:container-demuxer-webm: 4f35f7cbe854078d1ac9338744f61a02 -> 
  custom:srp/default-shader: 0d000000000000000000000000000000 -> 00a0da0d000000000000000000000000
  custom:video-encoder-webm-vp8: eb34c28f22e8b96e1ab97ce403110664 -> 
  custom:audio-encoder-webm-vorbis: bf7c407c2cedff20999df2af8eb42d56 -> 
  custom:framework-win-MediaFoundation: 216162199b28c13a410421893ffa2e32 -> 
  custom:container-demuxer-ogg: 62fdf1f143b41e24485cea50d1cbac27 -> 
  custom:video-decoder-webm-vp8: 9c59270c3fd7afecdb556c50c9e8de78 -> 
  custom:audio-decoder-ogg-vorbis: bf7c407c2cedff20999df2af8eb42d56 -> 
========================================================================
Received Import Request.
  Time since last request: 453632.809304 seconds.
  path: Assets/VFXDefaultResources.asset
  artifactKey: Guid(ad456ee43abfe4041945bbc3cfb4d854) Importer(815301076,1909f56bfc062723c751e8b465ee728b)
Start importing Assets/VFXDefaultResources.asset using Guid(ad456ee43abfe4041945bbc3cfb4d854) Importer(815301076,1909f56bfc062723c751e8b465ee728b)  -> (artifact id: '82b7eb3e5396bc131cc676542644513b') in 0.102933 seconds 
========================================================================
Received Import Request.
  Time since last request: 32.268857 seconds.
  path: Assets/AssetStoreOriginals/_SNAPS_PrototypingAssets/About/Readme.asset
  artifactKey: Guid(83c2ed844a8c74b779a4c823d16594b1) Importer(815301076,1909f56bfc062723c751e8b465ee728b)
Start importing Assets/AssetStoreOriginals/_SNAPS_PrototypingAssets/About/Readme.asset using Guid(83c2ed844a8c74b779a4c823d16594b1) Importer(815301076,1909f56bfc062723c751e8b465ee728b)  -> (artifact id: '8a02e46dc6b9cb89fa5b7f68aa520275') in 0.008043 seconds 
========================================================================
Received Import Request.
  Time since last request: 68479.493123 seconds.
  path: Assets/Scenes/AfterPostProcessDepthTestedObjects.unity
  artifactKey: Guid(cec64bd35a1a77e42915e4a0998aa130) Importer(815301076,1909f56bfc062723c751e8b465ee728b)
Start importing Assets/Scenes/AfterPostProcessDepthTestedObjects.unity using Guid(cec64bd35a1a77e42915e4a0998aa130) Importer(815301076,1909f56bfc062723c751e8b465ee728b)  -> (artifact id: '98cdb36607dbf37e3bb15f7ed8694df4') in 0.042537 seconds 
========================================================================
Received Import Request.
  Time since last request: 21.095805 seconds.
  path: Assets/Scenes/AR.unity
  artifactKey: Guid(7c8e3f301bdc3d44ba96e73d3031ad3e) Importer(815301076,1909f56bfc062723c751e8b465ee728b)
Start importing Assets/Scenes/AR.unity using Guid(7c8e3f301bdc3d44ba96e73d3031ad3e) Importer(815301076,1909f56bfc062723c751e8b465ee728b)  -> (artifact id: 'af61572a59c46927dad2064d1a6116ba') in 0.007892 seconds 
========================================================================
Received Import Request.
  Time since last request: 124.639727 seconds.
  path: Assets/CustomPasses/TIPS/Resources/TIPS.fbx
  artifactKey: Guid(273f38931f597274b8b2f03f57919645) Importer(815301076,1909f56bfc062723c751e8b465ee728b)
Start importing Assets/CustomPasses/TIPS/Resources/TIPS.fbx using Guid(273f38931f597274b8b2f03f57919645) Importer(815301076,1909f56bfc062723c751e8b465ee728b) CreateSerializedAsset is not supported while importing out-of-process
UnityEngine.StackTraceUtility:ExtractStackTrace ()
UnityEngine.Rendering.HighDefinition.HDRenderPipelineGlobalSettings:Create (string,UnityEngine.Rendering.HighDefinition.HDRenderPipelineGlobalSettings) (at Library/PackageCache/com.unity.render-pipelines.high-definition@12.1.0/Runtime/RenderPipeline/HDRenderPipelineGlobalSettings.cs:141)
UnityEngine.Rendering.HighDefinition.HDRenderPipelineGlobalSettings:MigrateFromHDRPAsset (UnityEngine.Rendering.HighDefinition.HDRenderPipelineAsset) (at Library/PackageCache/com.unity.render-pipelines.high-definition@12.1.0/Runtime/RenderPipeline/HDRenderPipelineGlobalSettings.Migration.cs:72)
UnityEngine.Rendering.HighDefinition.HDRenderPipelineAsset/<>c:<.cctor>b__98_15 (UnityEngine.Rendering.HighDefinition.HDRenderPipelineAsset) (at Library/PackageCache/com.unity.render-pipelines.high-definition@12.1.0/Runtime/RenderPipeline/HDRenderPipelineAsset.Migration.cs:175)
UnityEngine.Rendering.HighDefinition.MigrationStep`2<UnityEngine.Rendering.HighDefinition.HDRenderPipelineAsset/Version, UnityEngine.Rendering.HighDefinition.HDRenderPipelineAsset>:Migrate (UnityEngine.Rendering.HighDefinition.HDRenderPipelineAsset) (at Library/PackageCache/com.unity.render-pipelines.high-definition@12.1.0/Runtime/Core/Migration/MigrationStep.cs:52)
UnityEngine.Rendering.HighDefinition.MigrationDescription`2<UnityEngine.Rendering.HighDefinition.HDRenderPipelineAsset/Version, UnityEngine.Rendering.HighDefinition.HDRenderPipelineAsset>:Migrate (UnityEngine.Rendering.HighDefinition.HDRenderPipelineAsset) (at Library/PackageCache/com.unity.render-pipelines.high-definition@12.1.0/Runtime/Core/Migration/MigrationDescription.cs:111)
UnityEngine.Rendering.HighDefinition.HDRenderPipelineAsset:Migrate () (at Library/PackageCache/com.unity.render-pipelines.high-definition@12.1.0/Runtime/RenderPipeline/HDRenderPipelineAsset.Migration.cs:344)
UnityEngine.Rendering.HighDefinition.HDRenderPipelineAsset:UnityEngine.Rendering.HighDefinition.IMigratableAsset.Migrate () (at Library/PackageCache/com.unity.render-pipelines.high-definition@12.1.0/Runtime/RenderPipeline/HDRenderPipelineAsset.Migration.cs:334)
UnityEngine.Rendering.HighDefinition.HDRenderPipelineGlobalSettings:Ensure (bool) (at Library/PackageCache/com.unity.render-pipelines.high-definition@12.1.0/Runtime/RenderPipeline/HDRenderPipelineGlobalSettings.cs:80)
UnityEngine.Rendering.HighDefinition.HDRenderPipeline:.ctor (UnityEngine.Rendering.HighDefinition.HDRenderPipelineAsset) (at Library/PackageCache/com.unity.render-pipelines.high-definition@12.1.0/Runtime/RenderPipeline/HDRenderPipeline.cs:261)
UnityEngine.Rendering.HighDefinition.HDRenderPipelineAsset:CreatePipeline () (at Library/PackageCache/com.unity.render-pipelines.high-definition@12.1.0/Runtime/RenderPipeline/HDRenderPipelineAsset.cs:37)
UnityEngine.Rendering.RenderPipelineAsset:InternalCreatePipeline ()
UnityEngine.Rendering.RenderPipelineManager:PrepareRenderPipeline (UnityEngine.Rendering.RenderPipelineAsset)
UnityEngine.Rendering.RenderPipelineManager:DoRenderLoop_Internal (UnityEngine.Rendering.RenderPipelineAsset,intptr,System.Collections.Generic.List`1<UnityEngine.Camera/RenderRequest>,Unity.Collections.LowLevel.Unsafe.AtomicSafetyHandle)
UnityEditor.PreviewRenderUtility:Render (bool,bool)
UnityEditor.GameObjectInspector:DoRenderPreview ()
UnityEditor.GameObjectInspector:RenderStaticPreview (string,UnityEngine.Object[],int,int)
UnityEditor.AssetPreviewUpdater:CreatePreview (UnityEngine.Object,UnityEngine.Object[],string,int,int)
UnityEditor.AssetPreviewUpdater:CreatePreviewForAsset (UnityEngine.Object,UnityEngine.Object[],string)

[C:\buildslave\unity\build\Modules\AssetDatabase\Editor\V2\AssetOperations\CreateAsset.cpp line 41]

UnityException: Creating asset at path Assets/HDRPDefaultResources/HDRenderPipelineGlobalSettings 1.asset failed.
  at (wrapper managed-to-native) UnityEditor.AssetDatabase.CreateAsset(UnityEngine.Object,string)
  at UnityEngine.Rendering.HighDefinition.HDRenderPipelineGlobalSettings.Create (System.String path, UnityEngine.Rendering.HighDefinition.HDRenderPipelineGlobalSettings dataSource) [0x00022] in E:\GitHub\HDRP-Custom-Passes\Library\PackageCache\com.unity.render-pipelines.high-definition@12.1.0\Runtime\RenderPipeline\HDRenderPipelineGlobalSettings.cs:141 
  at UnityEngine.Rendering.HighDefinition.HDRenderPipelineGlobalSettings.MigrateFromHDRPAsset (UnityEngine.Rendering.HighDefinition.HDRenderPipelineAsset oldAsset) [0x0003f] in E:\GitHub\HDRP-Custom-Passes\Library\PackageCache\com.unity.render-pipelines.high-definition@12.1.0\Runtime\RenderPipeline\HDRenderPipelineGlobalSettings.Migration.cs:72 
  at UnityEngine.Rendering.HighDefinition.HDRenderPipelineAsset+<>c.<.cctor>b__98_15 (UnityEngine.Rendering.HighDefinition.HDRenderPipelineAsset data) [0x0000d] in E:\GitHub\HDRP-Custom-Passes\Library\PackageCache\com.unity.render-pipelines.high-definition@12.1.0\Runtime\RenderPipeline\HDRenderPipelineAsset.Migration.cs:175 
  at UnityEngine.Rendering.HighDefinition.MigrationStep`2[TVersion,TTarget].Migrate (TTarget target) [0x00028] in E:\GitHub\HDRP-Custom-Passes\Library\PackageCache\com.unity.render-pipelines.high-definition@12.1.0\Runtime\Core\Migration\MigrationStep.cs:52 
  at UnityEngine.Rendering.HighDefinition.MigrationDescription`2[TVersion,TTarget].Migrate (TTarget target) [0x0005c] in E:\GitHub\HDRP-Custom-Passes\Library\PackageCache\com.unity.render-pipelines.high-definition@12.1.0\Runtime\Core\Migration\MigrationDescription.cs:111 
  at UnityEngine.Rendering.HighDefinition.HDRenderPipelineAsset.Migrate () [0x00000] in E:\GitHub\HDRP-Custom-Passes\Library\PackageCache\com.unity.render-pipelines.high-definition@12.1.0\Runtime\RenderPipeline\HDRenderPipelineAsset.Migration.cs:344 
  at UnityEngine.Rendering.HighDefinition.HDRenderPipelineAsset.UnityEngine.Rendering.HighDefinition.IMigratableAsset.Migrate () [0x00000] in E:\GitHub\HDRP-Custom-Passes\Library\PackageCache\com.unity.render-pipelines.high-definition@12.1.0\Runtime\RenderPipeline\HDRenderPipelineAsset.Migration.cs:334 
  at UnityEngine.Rendering.HighDefinition.HDRenderPipelineGlobalSettings.Ensure (System.Boolean canCreateNewAsset) [0x0003c] in E:\GitHub\HDRP-Custom-Passes\Library\PackageCache\com.unity.render-pipelines.high-definition@12.1.0\Runtime\RenderPipeline\HDRenderPipelineGlobalSettings.cs:80 
  at UnityEngine.Rendering.HighDefinition.HDRenderPipeline..ctor (UnityEngine.Rendering.HighDefinition.HDRenderPipelineAsset asset) [0x004fb] in E:\GitHub\HDRP-Custom-Passes\Library\PackageCache\com.unity.render-pipelines.high-definition@12.1.0\Runtime\RenderPipeline\HDRenderPipeline.cs:261 
  at UnityEngine.Rendering.HighDefinition.HDRenderPipelineAsset.CreatePipeline () [0x00000] in E:\GitHub\HDRP-Custom-Passes\Library\PackageCache\com.unity.render-pipelines.high-definition@12.1.0\Runtime\RenderPipeline\HDRenderPipelineAsset.cs:37 
  at UnityEngine.Rendering.RenderPipelineAsset.InternalCreatePipeline () [0x00004] in <de62ab64366d4d29973fce8773660238>:0 
UnityEngine.DebugLogHandler:Internal_LogException(Exception, Object)
UnityEngine.DebugLogHandler:LogException(Exception, Object)
UnityEngine.Logger:LogException(Exception, Object)
UnityEngine.Debug:LogException(Exception)
UnityEngine.Rendering.RenderPipelineAsset:InternalCreatePipeline()
UnityEngine.Rendering.RenderPipelineManager:PrepareRenderPipeline(RenderPipelineAsset)
UnityEngine.Rendering.RenderPipelineManager:DoRenderLoop_Internal(RenderPipelineAsset, IntPtr, List`1, AtomicSafetyHandle)
UnityEngine.Camera:Render(Camera)
UnityEditor.PreviewRenderUtility:Render(Boolean, Boolean)
UnityEditor.GameObjectInspector:DoRenderPreview()
UnityEditor.GameObjectInspector:RenderStaticPreview(String, Object[], Int32, Int32)
UnityEditor.AssetPreviewUpdater:CreatePreview(Object, Object[], String, Int32, Int32)
UnityEditor.AssetPreviewUpdater:CreatePreviewForAsset(Object, Object[], String)

CreateSerializedAsset is not supported while importing out-of-process
UnityEngine.StackTraceUtility:ExtractStackTrace ()
UnityEngine.Rendering.HighDefinition.HDRenderPipelineGlobalSettings:Create (string,UnityEngine.Rendering.HighDefinition.HDRenderPipelineGlobalSettings) (at Library/PackageCache/com.unity.render-pipelines.high-definition@12.1.0/Runtime/RenderPipeline/HDRenderPipelineGlobalSettings.cs:141)
UnityEngine.Rendering.HighDefinition.HDRenderPipelineGlobalSettings:MigrateFromHDRPAsset (UnityEngine.Rendering.HighDefinition.HDRenderPipelineAsset) (at Library/PackageCache/com.unity.render-pipelines.high-definition@12.1.0/Runtime/RenderPipeline/HDRenderPipelineGlobalSettings.Migration.cs:72)
UnityEngine.Rendering.HighDefinition.HDRenderPipelineAsset/<>c:<.cctor>b__98_15 (UnityEngine.Rendering.HighDefinition.HDRenderPipelineAsset) (at Library/PackageCache/com.unity.render-pipelines.high-definition@12.1.0/Runtime/RenderPipeline/HDRenderPipelineAsset.Migration.cs:175)
UnityEngine.Rendering.HighDefinition.MigrationStep`2<UnityEngine.Rendering.HighDefinition.HDRenderPipelineAsset/Version, UnityEngine.Rendering.HighDefinition.HDRenderPipelineAsset>:Migrate (UnityEngine.Rendering.HighDefinition.HDRenderPipelineAsset) (at Library/PackageCache/com.unity.render-pipelines.high-definition@12.1.0/Runtime/Core/Migration/MigrationStep.cs:52)
UnityEngine.Rendering.HighDefinition.MigrationDescription`2<UnityEngine.Rendering.HighDefinition.HDRenderPipelineAsset/Version, UnityEngine.Rendering.HighDefinition.HDRenderPipelineAsset>:Migrate (UnityEngine.Rendering.HighDefinition.HDRenderPipelineAsset) (at Library/PackageCache/com.unity.render-pipelines.high-definition@12.1.0/Runtime/Core/Migration/MigrationDescription.cs:111)
UnityEngine.Rendering.HighDefinition.HDRenderPipelineAsset:Migrate () (at Library/PackageCache/com.unity.render-pipelines.high-definition@12.1.0/Runtime/RenderPipeline/HDRenderPipelineAsset.Migration.cs:344)
UnityEngine.Rendering.HighDefinition.HDRenderPipelineAsset:UnityEngine.Rendering.HighDefinition.IMigratableAsset.Migrate () (at Library/PackageCache/com.unity.render-pipelines.high-definition@12.1.0/Runtime/RenderPipeline/HDRenderPipelineAsset.Migration.cs:334)
UnityEngine.Rendering.HighDefinition.HDRenderPipelineGlobalSettings:Ensure (bool) (at Library/PackageCache/com.unity.render-pipelines.high-definition@12.1.0/Runtime/RenderPipeline/HDRenderPipelineGlobalSettings.cs:80)
UnityEngine.Rendering.HighDefinition.HDRenderPipeline:.ctor (UnityEngine.Rendering.HighDefinition.HDRenderPipelineAsset) (at Library/PackageCache/com.unity.render-pipelines.high-definition@12.1.0/Runtime/RenderPipeline/HDRenderPipeline.cs:261)
UnityEngine.Rendering.HighDefinition.HDRenderPipelineAsset:CreatePipeline () (at Library/PackageCache/com.unity.render-pipelines.high-definition@12.1.0/Runtime/RenderPipeline/HDRenderPipelineAsset.cs:37)
UnityEngine.Rendering.RenderPipelineAsset:InternalCreatePipeline ()
UnityEngine.Rendering.RenderPipelineManager:PrepareRenderPipeline (UnityEngine.Rendering.RenderPipelineAsset)
UnityEngine.Rendering.RenderPipelineManager:DoRenderLoop_Internal (UnityEngine.Rendering.RenderPipelineAsset,intptr,System.Collections.Generic.List`1<UnityEngine.Camera/RenderRequest>,Unity.Collections.LowLevel.Unsafe.AtomicSafetyHandle)
UnityEditor.PreviewRenderUtility:Render (bool,bool)
UnityEditor.MaterialEditor:DoRenderPreview (UnityEditor.PreviewRenderUtility,bool)
UnityEditor.MaterialEditor:RenderStaticPreview (string,UnityEngine.Object[],int,int)
UnityEditor.AssetPreviewUpdater:CreatePreview (UnityEngine.Object,UnityEngine.Object[],string,int,int)
UnityEditor.AssetPreviewUpdater:CreatePreviewForAsset (UnityEngine.Object,UnityEngine.Object[],string)

[C:\buildslave\unity\build\Modules\AssetDatabase\Editor\V2\AssetOperations\CreateAsset.cpp line 41]

UnityException: Creating asset at path Assets/HDRPDefaultResources/HDRenderPipelineGlobalSettings 1.asset failed.
  at (wrapper managed-to-native) UnityEditor.AssetDatabase.CreateAsset(UnityEngine.Object,string)
  at UnityEngine.Rendering.HighDefinition.HDRenderPipelineGlobalSettings.Create (System.String path, UnityEngine.Rendering.HighDefinition.HDRenderPipelineGlobalSettings dataSource) [0x00022] in E:\GitHub\HDRP-Custom-Passes\Library\PackageCache\com.unity.render-pipelines.high-definition@12.1.0\Runtime\RenderPipeline\HDRenderPipelineGlobalSettings.cs:141 
  at UnityEngine.Rendering.HighDefinition.HDRenderPipelineGlobalSettings.MigrateFromHDRPAsset (UnityEngine.Rendering.HighDefinition.HDRenderPipelineAsset oldAsset) [0x0003f] in E:\GitHub\HDRP-Custom-Passes\Library\PackageCache\com.unity.render-pipelines.high-definition@12.1.0\Runtime\RenderPipeline\HDRenderPipelineGlobalSettings.Migration.cs:72 
  at UnityEngine.Rendering.HighDefinition.HDRenderPipelineAsset+<>c.<.cctor>b__98_15 (UnityEngine.Rendering.HighDefinition.HDRenderPipelineAsset data) [0x0000d] in E:\GitHub\HDRP-Custom-Passes\Library\PackageCache\com.unity.render-pipelines.high-definition@12.1.0\Runtime\RenderPipeline\HDRenderPipelineAsset.Migration.cs:175 
  at UnityEngine.Rendering.HighDefinition.MigrationStep`2[TVersion,TTarget].Migrate (TTarget target) [0x00028] in E:\GitHub\HDRP-Custom-Passes\Library\PackageCache\com.unity.render-pipelines.high-definition@12.1.0\Runtime\Core\Migration\MigrationStep.cs:52 
  at UnityEngine.Rendering.HighDefinition.MigrationDescription`2[TVersion,TTarget].Migrate (TTarget target) [0x0005c] in E:\GitHub\HDRP-Custom-Passes\Library\PackageCache\com.unity.render-pipelines.high-definition@12.1.0\Runtime\Core\Migration\MigrationDescription.cs:111 
  at UnityEngine.Rendering.HighDefinition.HDRenderPipelineAsset.Migrate () [0x00000] in E:\GitHub\HDRP-Custom-Passes\Library\PackageCache\com.unity.render-pipelines.high-definition@12.1.0\Runtime\RenderPipeline\HDRenderPipelineAsset.Migration.cs:344 
  at UnityEngine.Rendering.HighDefinition.HDRenderPipelineAsset.UnityEngine.Rendering.HighDefinition.IMigratableAsset.Migrate () [0x00000] in E:\GitHub\HDRP-Custom-Passes\Library\PackageCache\com.unity.render-pipelines.high-definition@12.1.0\Runtime\RenderPipeline\HDRenderPipelineAsset.Migration.cs:334 
  at UnityEngine.Rendering.HighDefinition.HDRenderPipelineGlobalSettings.Ensure (System.Boolean canCreateNewAsset) [0x0003c] in E:\GitHub\HDRP-Custom-Passes\Library\PackageCache\com.unity.render-pipelines.high-definition@12.1.0\Runtime\RenderPipeline\HDRenderPipelineGlobalSettings.cs:80 
  at UnityEngine.Rendering.HighDefinition.HDRenderPipeline..ctor (UnityEngine.Rendering.HighDefinition.HDRenderPipelineAsset asset) [0x004fb] in E:\GitHub\HDRP-Custom-Passes\Library\PackageCache\com.unity.render-pipelines.high-definition@12.1.0\Runtime\RenderPipeline\HDRenderPipeline.cs:261 
  at UnityEngine.Rendering.HighDefinition.HDRenderPipelineAsset.CreatePipeline () [0x00000] in E:\GitHub\HDRP-Custom-Passes\Library\PackageCache\com.unity.render-pipelines.high-definition@12.1.0\Runtime\RenderPipeline\HDRenderPipelineAsset.cs:37 
  at UnityEngine.Rendering.RenderPipelineAsset.InternalCreatePipeline () [0x00004] in <de62ab64366d4d29973fce8773660238>:0 
UnityEngine.DebugLogHandler:Internal_LogException(Exception, Object)
UnityEngine.DebugLogHandler:LogException(Exception, Object)
UnityEngine.Logger:LogException(Exception, Object)
UnityEngine.Debug:LogException(Exception)
UnityEngine.Rendering.RenderPipelineAsset:InternalCreatePipeline()
UnityEngine.Rendering.RenderPipelineManager:PrepareRenderPipeline(RenderPipelineAsset)
UnityEngine.Rendering.RenderPipelineManager:DoRenderLoop_Internal(RenderPipelineAsset, IntPtr, List`1, AtomicSafetyHandle)
UnityEngine.Camera:Render(Camera)
UnityEditor.PreviewRenderUtility:Render(Boolean, Boolean)
UnityEditor.MaterialEditor:DoRenderPreview(PreviewRenderUtility, Boolean)
UnityEditor.MaterialEditor:RenderStaticPreview(String, Object[], Int32, Int32)
UnityEditor.AssetPreviewUpdater:CreatePreview(Object, Object[], String, Int32, Int32)
UnityEditor.AssetPreviewUpdater:CreatePreviewForAsset(Object, Object[], String)

 -> (artifact id: '5a7c340d2d5666f43cf7ba194e883f36') in 0.767532 seconds 
========================================================================
Received Import Request.
  Time since last request: 0.000032 seconds.
  path: Assets/CustomPasses/TIPS/Resources/Shader Graphs_TIPS_Effect 2.mat
  artifactKey: Guid(2991e074b0eac544bb2fe9bde9d79088) Importer(815301076,1909f56bfc062723c751e8b465ee728b)
Start importing Assets/CustomPasses/TIPS/Resources/Shader Graphs_TIPS_Effect 2.mat using Guid(2991e074b0eac544bb2fe9bde9d79088) Importer(815301076,1909f56bfc062723c751e8b465ee728b) CreateSerializedAsset is not supported while importing out-of-process
UnityEngine.StackTraceUtility:ExtractStackTrace ()
UnityEngine.Rendering.HighDefinition.HDRenderPipelineGlobalSettings:Create (string,UnityEngine.Rendering.HighDefinition.HDRenderPipelineGlobalSettings) (at Library/PackageCache/com.unity.render-pipelines.high-definition@12.1.0/Runtime/RenderPipeline/HDRenderPipelineGlobalSettings.cs:141)
UnityEngine.Rendering.HighDefinition.HDRenderPipelineGlobalSettings:MigrateFromHDRPAsset (UnityEngine.Rendering.HighDefinition.HDRenderPipelineAsset) (at Library/PackageCache/com.unity.render-pipelines.high-definition@12.1.0/Runtime/RenderPipeline/HDRenderPipelineGlobalSettings.Migration.cs:72)
UnityEngine.Rendering.HighDefinition.HDRenderPipelineAsset/<>c:<.cctor>b__98_15 (UnityEngine.Rendering.HighDefinition.HDRenderPipelineAsset) (at Library/PackageCache/com.unity.render-pipelines.high-definition@12.1.0/Runtime/RenderPipeline/HDRenderPipelineAsset.Migration.cs:175)
UnityEngine.Rendering.HighDefinition.MigrationStep`2<UnityEngine.Rendering.HighDefinition.HDRenderPipelineAsset/Version, UnityEngine.Rendering.HighDefinition.HDRenderPipelineAsset>:Migrate (UnityEngine.Rendering.HighDefinition.HDRenderPipelineAsset) (at Library/PackageCache/com.unity.render-pipelines.high-definition@12.1.0/Runtime/Core/Migration/MigrationStep.cs:52)
UnityEngine.Rendering.HighDefinition.MigrationDescription`2<UnityEngine.Rendering.HighDefinition.HDRenderPipelineAsset/Version, UnityEngine.Rendering.HighDefinition.HDRenderPipelineAsset>:Migrate (UnityEngine.Rendering.HighDefinition.HDRenderPipelineAsset) (at Library/PackageCache/com.unity.render-pipelines.high-definition@12.1.0/Runtime/Core/Migration/MigrationDescription.cs:111)
UnityEngine.Rendering.HighDefinition.HDRenderPipelineAsset:Migrate () (at Library/PackageCache/com.unity.render-pipelines.high-definition@12.1.0/Runtime/RenderPipeline/HDRenderPipelineAsset.Migration.cs:344)
UnityEngine.Rendering.HighDefinition.HDRenderPipelineAsset:UnityEngine.Rendering.HighDefinition.IMigratableAsset.Migrate () (at Library/PackageCache/com.unity.render-pipelines.high-definition@12.1.0/Runtime/RenderPipeline/HDRenderPipelineAsset.Migration.cs:334)
UnityEngine.Rendering.HighDefinition.HDRenderPipelineGlobalSettings:Ensure (bool) (at Library/PackageCache/com.unity.render-pipelines.high-definition@12.1.0/Runtime/RenderPipeline/HDRenderPipelineGlobalSettings.cs:80)
UnityEngine.Rendering.HighDefinition.HDRenderPipeline:.ctor (UnityEngine.Rendering.HighDefinition.HDRenderPipelineAsset) (at Library/PackageCache/com.unity.render-pipelines.high-definition@12.1.0/Runtime/RenderPipeline/HDRenderPipeline.cs:261)
UnityEngine.Rendering.HighDefinition.HDRenderPipelineAsset:CreatePipeline () (at Library/PackageCache/com.unity.render-pipelines.high-definition@12.1.0/Runtime/RenderPipeline/HDRenderPipelineAsset.cs:37)
UnityEngine.Rendering.RenderPipelineAsset:InternalCreatePipeline ()
UnityEngine.Rendering.RenderPipelineManager:PrepareRenderPipeline (UnityEngine.Rendering.RenderPipelineAsset)
UnityEngine.Rendering.RenderPipelineManager:DoRenderLoop_Internal (UnityEngine.Rendering.RenderPipelineAsset,intptr,System.Collections.Generic.List`1<UnityEngine.Camera/RenderRequest>,Unity.Collections.LowLevel.Unsafe.AtomicSafetyHandle)
UnityEditor.PreviewRenderUtility:Render (bool,bool)
UnityEditor.MaterialEditor:DoRenderPreview (UnityEditor.PreviewRenderUtility,bool)
UnityEditor.MaterialEditor:RenderStaticPreview (string,UnityEngine.Object[],int,int)
UnityEditor.AssetPreviewUpdater:CreatePreview (UnityEngine.Object,UnityEngine.Object[],string,int,int)
UnityEditor.AssetPreviewUpdater:CreatePreviewForAsset (UnityEngine.Object,UnityEngine.Object[],string)

[C:\buildslave\unity\build\Modules\AssetDatabase\Editor\V2\AssetOperations\CreateAsset.cpp line 41]

UnityException: Creating asset at path Assets/HDRPDefaultResources/HDRenderPipelineGlobalSettings 1.asset failed.
  at (wrapper managed-to-native) UnityEditor.AssetDatabase.CreateAsset(UnityEngine.Object,string)
  at UnityEngine.Rendering.HighDefinition.HDRenderPipelineGlobalSettings.Create (System.String path, UnityEngine.Rendering.HighDefinition.HDRenderPipelineGlobalSettings dataSource) [0x00022] in E:\GitHub\HDRP-Custom-Passes\Library\PackageCache\com.unity.render-pipelines.high-definition@12.1.0\Runtime\RenderPipeline\HDRenderPipelineGlobalSettings.cs:141 
  at UnityEngine.Rendering.HighDefinition.HDRenderPipelineGlobalSettings.MigrateFromHDRPAsset (UnityEngine.Rendering.HighDefinition.HDRenderPipelineAsset oldAsset) [0x0003f] in E:\GitHub\HDRP-Custom-Passes\Library\PackageCache\com.unity.render-pipelines.high-definition@12.1.0\Runtime\RenderPipeline\HDRenderPipelineGlobalSettings.Migration.cs:72 
  at UnityEngine.Rendering.HighDefinition.HDRenderPipelineAsset+<>c.<.cctor>b__98_15 (UnityEngine.Rendering.HighDefinition.HDRenderPipelineAsset data) [0x0000d] in E:\GitHub\HDRP-Custom-Passes\Library\PackageCache\com.unity.render-pipelines.high-definition@12.1.0\Runtime\RenderPipeline\HDRenderPipelineAsset.Migration.cs:175 
  at UnityEngine.Rendering.HighDefinition.MigrationStep`2[TVersion,TTarget].Migrate (TTarget target) [0x00028] in E:\GitHub\HDRP-Custom-Passes\Library\PackageCache\com.unity.render-pipelines.high-definition@12.1.0\Runtime\Core\Migration\MigrationStep.cs:52 
  at UnityEngine.Rendering.HighDefinition.MigrationDescription`2[TVersion,TTarget].Migrate (TTarget target) [0x0005c] in E:\GitHub\HDRP-Custom-Passes\Library\PackageCache\com.unity.render-pipelines.high-definition@12.1.0\Runtime\Core\Migration\MigrationDescription.cs:111 
  at UnityEngine.Rendering.HighDefinition.HDRenderPipelineAsset.Migrate () [0x00000] in E:\GitHub\HDRP-Custom-Passes\Library\PackageCache\com.unity.render-pipelines.high-definition@12.1.0\Runtime\RenderPipeline\HDRenderPipelineAsset.Migration.cs:344 
  at UnityEngine.Rendering.HighDefinition.HDRenderPipelineAsset.UnityEngine.Rendering.HighDefinition.IMigratableAsset.Migrate () [0x00000] in E:\GitHub\HDRP-Custom-Passes\Library\PackageCache\com.unity.render-pipelines.high-definition@12.1.0\Runtime\RenderPipeline\HDRenderPipelineAsset.Migration.cs:334 
  at UnityEngine.Rendering.HighDefinition.HDRenderPipelineGlobalSettings.Ensure (System.Boolean canCreateNewAsset) [0x0003c] in E:\GitHub\HDRP-Custom-Passes\Library\PackageCache\com.unity.render-pipelines.high-definition@12.1.0\Runtime\RenderPipeline\HDRenderPipelineGlobalSettings.cs:80 
  at UnityEngine.Rendering.HighDefinition.HDRenderPipeline..ctor (UnityEngine.Rendering.HighDefinition.HDRenderPipelineAsset asset) [0x004fb] in E:\GitHub\HDRP-Custom-Passes\Library\PackageCache\com.unity.render-pipelines.high-definition@12.1.0\Runtime\RenderPipeline\HDRenderPipeline.cs:261 
  at UnityEngine.Rendering.HighDefinition.HDRenderPipelineAsset.CreatePipeline () [0x00000] in E:\GitHub\HDRP-Custom-Passes\Library\PackageCache\com.unity.render-pipelines.high-definition@12.1.0\Runtime\RenderPipeline\HDRenderPipelineAsset.cs:37 
  at UnityEngine.Rendering.RenderPipelineAsset.InternalCreatePipeline () [0x00004] in <de62ab64366d4d29973fce8773660238>:0 
UnityEngine.DebugLogHandler:Internal_LogException(Exception, Object)
UnityEngine.DebugLogHandler:LogException(Exception, Object)
UnityEngine.Logger:LogException(Exception, Object)
UnityEngine.Debug:LogException(Exception)
UnityEngine.Rendering.RenderPipelineAsset:InternalCreatePipeline()
UnityEngine.Rendering.RenderPipelineManager:PrepareRenderPipeline(RenderPipelineAsset)
UnityEngine.Rendering.RenderPipelineManager:DoRenderLoop_Internal(RenderPipelineAsset, IntPtr, List`1, AtomicSafetyHandle)
UnityEngine.Camera:Render(Camera)
UnityEditor.PreviewRenderUtility:Render(Boolean, Boolean)
UnityEditor.MaterialEditor:DoRenderPreview(PreviewRenderUtility, Boolean)
UnityEditor.MaterialEditor:RenderStaticPreview(String, Object[], Int32, Int32)
UnityEditor.AssetPreviewUpdater:CreatePreview(Object, Object[], String, Int32, Int32)
UnityEditor.AssetPreviewUpdater:CreatePreviewForAsset(Object, Object[], String)

 -> (artifact id: 'df8a3f963b1e4216fc43370611edef95') in 0.718601 seconds 
========================================================================
Received Import Request.
  Time since last request: 0.510818 seconds.
  path: Assets/Scenes/Tests/Tests_TIPS.unity
  artifactKey: Guid(b7e6af67edaf48e45adc606d669a4c67) Importer(815301076,1909f56bfc062723c751e8b465ee728b)
Start importing Assets/Scenes/Tests/Tests_TIPS.unity using Guid(b7e6af67edaf48e45adc606d669a4c67) Importer(815301076,1909f56bfc062723c751e8b465ee728b)  -> (artifact id: '8f11d96871614aa3795f802a260a4f8a') in 0.007558 seconds 
========================================================================
Received Import Request.
  Time since last request: 2.670008 seconds.
  path: Assets/Scenes/TIPS.unity
  artifactKey: Guid(4d4fdc04086ef594abb5668920e60206) Importer(815301076,1909f56bfc062723c751e8b465ee728b)
Start importing Assets/Scenes/TIPS.unity using Guid(4d4fdc04086ef594abb5668920e60206) Importer(815301076,1909f56bfc062723c751e8b465ee728b)  -> (artifact id: '60229d9b6caabc5f57f059c86dfb3159') in 0.007438 seconds 
========================================================================
Received Import Request.
  Time since last request: 33.588179 seconds.
  path: Assets/Scenes/TIPS.unity
  artifactKey: Guid(4d4fdc04086ef594abb5668920e60206) Importer(815301076,1909f56bfc062723c751e8b465ee728b)
Start importing Assets/Scenes/TIPS.unity using Guid(4d4fdc04086ef594abb5668920e60206) Importer(815301076,1909f56bfc062723c751e8b465ee728b)  -> (artifact id: '9712980a21287de8d84d28f989e356bd') in 0.002933 seconds 
